<?xml version="1.0" encoding="UTF-8"?>
<testsuite xmlns:xsi="http://www.w3.org/2001/XMLSchema-instance" xsi:noNamespaceSchemaLocation="https://maven.apache.org/surefire/maven-surefire-plugin/xsd/surefire-test-report.xsd" version="3.0.1" name="com.mike.gorest.UserApiTest" time="8.092" tests="3" errors="0" skipped="0" failures="0">
  <properties>
[...]
</properties>
  <testcase name="createUser_shouldReturn201AndUserData" classname="com.mike.gorest.UserApiTest" time="4.026"/>
  <testcase name="getUsers_shouldReturnList" classname="com.mike.gorest.UserApiTest" time="1.345"/>
  <testcase name="getUserById_shouldReturnUserDetails" classname="com.mike.gorest.UserApiTest" time="2.692"/>
</testsuite>